{
  "gene_group.gz": [
    [
      "213 20171123033640", 
      "171124124057", 
      "ncbi_gene_v1.py"
    ], 
    [
      "213 20171124043655", 
      "171124160521", 
      "ncbi_gene_v1.py"
    ], 
    [
      "213 20171127000852", 
      "171127091503", 
      "ncbi_gene_v1.py"
    ], 
    [
      "213 20171128041404", 
      "171129093000", 
      "ncbi_gene_v1.py"
    ], 
    [
      "213 20171204003416", 
      "171204101210", 
      "ncbi_gene_v1.py"
    ], 
    [
      "213 20171206044040", 
      "171208092336", 
      "ncbi_gene_v1.py"
    ]
  ], 
  "PRJEB4337_GRCh38.p7_108_expression.xml.gz": [
    [
      "213 20170306225311", 
      "171124124057", 
      "ncbi_gene_v1.py"
    ]
  ], 
  "gene_info.gz": [
    [
      "213 20171123034231", 
      "171124124057", 
      "ncbi_gene_v1.py"
    ], 
    [
      "213 20171124044335", 
      "171124160521", 
      "ncbi_gene_v1.py"
    ], 
    [
      "213 20171127001557", 
      "171127091503", 
      "ncbi_gene_v1.py"
    ], 
    [
      "213 20171128041936", 
      "171129093000", 
      "ncbi_gene_v1.py"
    ], 
    [
      "213 20171201055845", 
      "171204101210", 
      "ncbi_gene_v1.py"
    ], 
    [
      "213 20171206044530", 
      "171208092336", 
      "ncbi_gene_v1.py"
    ]
  ], 
  "PRJNA280600_GRCh38.p7_108_expression.xml.gz": [
    [
      "213 20170306225313", 
      "171124124057", 
      "ncbi_gene_v1.py"
    ]
  ], 
  "gene_neighbors.gz": [
    [
      "213 20171123043436", 
      "171124124057", 
      "ncbi_gene_v1.py"
    ], 
    [
      "213 20171124055410", 
      "171124160521", 
      "ncbi_gene_v1.py"
    ], 
    [
      "213 20171127010541", 
      "171127091503", 
      "ncbi_gene_v1.py"
    ], 
    [
      "213 20171128051021", 
      "171129093000", 
      "ncbi_gene_v1.py"
    ], 
    [
      "213 20171201064834", 
      "171204101210", 
      "ncbi_gene_v1.py"
    ], 
    [
      "213 20171206054143", 
      "171208092336", 
      "ncbi_gene_v1.py"
    ]
  ], 
  "PRJNA270632_GRCh38.p7_108_expression.xml.gz": [
    [
      "213 20170306225312", 
      "171124124057", 
      "ncbi_gene_v1.py"
    ]
  ], 
  "PRJEB2445_GRCh38.p2_107_expression.xml.gz": [
    [
      "213 20170306225310", 
      "171124124057", 
      "ncbi_gene_v1.py"
    ]
  ], 
  "gene2pubmed.gz": [
    [
      "213 20171123035148", 
      "171124124057", 
      "ncbi_gene_v1.py"
    ], 
    [
      "213 20171124050410", 
      "171124160521", 
      "ncbi_gene_v1.py"
    ], 
    [
      "213 20171127002146", 
      "171127091503", 
      "ncbi_gene_v1.py"
    ], 
    [
      "213 20171128042705", 
      "171129093000", 
      "ncbi_gene_v1.py"
    ], 
    [
      "213 20171201060322", 
      "171204101210", 
      "ncbi_gene_v1.py"
    ], 
    [
      "213 20171206045252", 
      "171208092336", 
      "ncbi_gene_v1.py"
    ]
  ]
}