{
  "GRCh38_regularory": [
    [
      "213 20170711083354", 
      "171129105652", 
      "ensembl_gene_v1.py"
    ]
  ], 
  "GRCh37_motif": [
    [
      "213 20170320170900", 
      "171129105652", 
      "ensembl_gene_v1.py"
    ]
  ], 
  "GRCh37_regularory": [
    [
      "213 20170320170900", 
      "171129105652", 
      "ensembl_gene_v1.py"
    ]
  ], 
  "GRCh38_motif": [
    [
      "213 20170711083547", 
      "171129105652", 
      "ensembl_gene_v1.py"
    ]
  ], 
  "GRCh37": [
    [
      "213 20170320170405", 
      "171129105652", 
      "ensembl_gene_v1.py"
    ]
  ], 
  "GRCh38": [
    [
      "213 20170728161353", 
      "171129105652", 
      "ensembl_gene_v1.py"
    ]
  ]
}